Determining if the pthread_create exist failed with the following output:
Change Dir: /root/pillowcoin/CMakeFiles/CMakeTmp

Run Build Command:"/usr/bin/make" "cmTC_a83d6/fast"
/usr/bin/make -f CMakeFiles/cmTC_a83d6.dir/build.make CMakeFiles/cmTC_a83d6.dir/build
make[1]: Entering directory '/root/pillowcoin/CMakeFiles/CMakeTmp'
Building C object CMakeFiles/cmTC_a83d6.dir/CheckSymbolExists.c.o
/usr/bin/gcc-6   -std=c11  -Wall -Wextra -Wpointer-arith -Wundef -Wvla -Wwrite-strings -Werror -Wno-error=extra -Wno-error=unused-function -Wno-error=deprecated-declarations -Wno-error=sign-compare -Wno-error=strict-aliasing -Wno-error=type-limits -Wno-unused-parameter -Wno-error=unused-variable -Wno-error=undef -Wno-error=uninitialized -Wno-error=unused-result -Wlogical-op -Wno-error=maybe-uninitialized -Wno-error=clobbered -Wno-error=unused-but-set-variable -Wno-error=odr -Waggregate-return -Wnested-externs -Wold-style-definition -Wstrict-prototypes -march=native -maes    -o CMakeFiles/cmTC_a83d6.dir/CheckSymbolExists.c.o   -c /root/pillowcoin/CMakeFiles/CMakeTmp/CheckSymbolExists.c
Linking C executable cmTC_a83d6
/usr/bin/cmake -E cmake_link_script CMakeFiles/cmTC_a83d6.dir/link.txt --verbose=1
/usr/bin/gcc-6  -std=c11  -Wall -Wextra -Wpointer-arith -Wundef -Wvla -Wwrite-strings -Werror -Wno-error=extra -Wno-error=unused-function -Wno-error=deprecated-declarations -Wno-error=sign-compare -Wno-error=strict-aliasing -Wno-error=type-limits -Wno-unused-parameter -Wno-error=unused-variable -Wno-error=undef -Wno-error=uninitialized -Wno-error=unused-result -Wlogical-op -Wno-error=maybe-uninitialized -Wno-error=clobbered -Wno-error=unused-but-set-variable -Wno-error=odr -Waggregate-return -Wnested-externs -Wold-style-definition -Wstrict-prototypes -march=native -maes     -rdynamic CMakeFiles/cmTC_a83d6.dir/CheckSymbolExists.c.o  -o cmTC_a83d6 
CMakeFiles/cmTC_a83d6.dir/CheckSymbolExists.c.o: In function `main':
CheckSymbolExists.c:(.text+0x1b): undefined reference to `pthread_create'
collect2: error: ld returned 1 exit status
CMakeFiles/cmTC_a83d6.dir/build.make:97: recipe for target 'cmTC_a83d6' failed
make[1]: *** [cmTC_a83d6] Error 1
make[1]: Leaving directory '/root/pillowcoin/CMakeFiles/CMakeTmp'
Makefile:126: recipe for target 'cmTC_a83d6/fast' failed
make: *** [cmTC_a83d6/fast] Error 2

File /root/pillowcoin/CMakeFiles/CMakeTmp/CheckSymbolExists.c:
/* */
#include <pthread.h>

int main(int argc, char** argv)
{
  (void)argv;
#ifndef pthread_create
  return ((int*)(&pthread_create))[argc];
#else
  (void)argc;
  return 0;
#endif
}

Determining if the function pthread_create exists in the pthreads failed with the following output:
Change Dir: /root/pillowcoin/CMakeFiles/CMakeTmp

Run Build Command:"/usr/bin/make" "cmTC_0c7d0/fast"
/usr/bin/make -f CMakeFiles/cmTC_0c7d0.dir/build.make CMakeFiles/cmTC_0c7d0.dir/build
make[1]: Entering directory '/root/pillowcoin/CMakeFiles/CMakeTmp'
Building C object CMakeFiles/cmTC_0c7d0.dir/CheckFunctionExists.c.o
/usr/bin/gcc-6   -std=c11  -Wall -Wextra -Wpointer-arith -Wundef -Wvla -Wwrite-strings -Werror -Wno-error=extra -Wno-error=unused-function -Wno-error=deprecated-declarations -Wno-error=sign-compare -Wno-error=strict-aliasing -Wno-error=type-limits -Wno-unused-parameter -Wno-error=unused-variable -Wno-error=undef -Wno-error=uninitialized -Wno-error=unused-result -Wlogical-op -Wno-error=maybe-uninitialized -Wno-error=clobbered -Wno-error=unused-but-set-variable -Wno-error=odr -Waggregate-return -Wnested-externs -Wold-style-definition -Wstrict-prototypes -march=native -maes -DCHECK_FUNCTION_EXISTS=pthread_create   -o CMakeFiles/cmTC_0c7d0.dir/CheckFunctionExists.c.o   -c /usr/share/cmake-3.9/Modules/CheckFunctionExists.c
Linking C executable cmTC_0c7d0
/usr/bin/cmake -E cmake_link_script CMakeFiles/cmTC_0c7d0.dir/link.txt --verbose=1
/usr/bin/gcc-6  -std=c11  -Wall -Wextra -Wpointer-arith -Wundef -Wvla -Wwrite-strings -Werror -Wno-error=extra -Wno-error=unused-function -Wno-error=deprecated-declarations -Wno-error=sign-compare -Wno-error=strict-aliasing -Wno-error=type-limits -Wno-unused-parameter -Wno-error=unused-variable -Wno-error=undef -Wno-error=uninitialized -Wno-error=unused-result -Wlogical-op -Wno-error=maybe-uninitialized -Wno-error=clobbered -Wno-error=unused-but-set-variable -Wno-error=odr -Waggregate-return -Wnested-externs -Wold-style-definition -Wstrict-prototypes -march=native -maes -DCHECK_FUNCTION_EXISTS=pthread_create    -rdynamic CMakeFiles/cmTC_0c7d0.dir/CheckFunctionExists.c.o  -o cmTC_0c7d0 -lpthreads 
/usr/bin/ld: cannot find -lpthreads
collect2: error: ld returned 1 exit status
CMakeFiles/cmTC_0c7d0.dir/build.make:97: recipe for target 'cmTC_0c7d0' failed
make[1]: *** [cmTC_0c7d0] Error 1
make[1]: Leaving directory '/root/pillowcoin/CMakeFiles/CMakeTmp'
Makefile:126: recipe for target 'cmTC_0c7d0/fast' failed
make: *** [cmTC_0c7d0/fast] Error 2


Determining if the pthread_create exist failed with the following output:
Change Dir: /root/pillowcoin/CMakeFiles/CMakeTmp

Run Build Command:"/usr/bin/make" "cmTC_959de/fast"
/usr/bin/make -f CMakeFiles/cmTC_959de.dir/build.make CMakeFiles/cmTC_959de.dir/build
make[1]: Entering directory '/root/pillowcoin/CMakeFiles/CMakeTmp'
Building C object CMakeFiles/cmTC_959de.dir/CheckSymbolExists.c.o
/usr/bin/gcc-6   -std=c11  -Wall -Wextra -Wpointer-arith -Wundef -Wvla -Wwrite-strings  -Wno-error=extra -Wno-error=unused-function -Wno-error=deprecated-declarations -Wno-error=sign-compare -Wno-error=strict-aliasing -Wno-error=type-limits -Wno-unused-parameter -Wno-error=unused-variable -Wno-error=undef -Wno-error=uninitialized -Wno-error=unused-result -Wno-error=maybe-uninitialized -Wno-error=clobbered -Wno-error=unused-but-set-variable -Wno-error=odr -Waggregate-return -Wnested-externs -Wold-style-definition -Wstrict-prototypes -march=native -maes    -o CMakeFiles/cmTC_959de.dir/CheckSymbolExists.c.o   -c /root/pillowcoin/CMakeFiles/CMakeTmp/CheckSymbolExists.c
Linking C executable cmTC_959de
/usr/bin/cmake -E cmake_link_script CMakeFiles/cmTC_959de.dir/link.txt --verbose=1
/usr/bin/gcc-6  -std=c11  -Wall -Wextra -Wpointer-arith -Wundef -Wvla -Wwrite-strings  -Wno-error=extra -Wno-error=unused-function -Wno-error=deprecated-declarations -Wno-error=sign-compare -Wno-error=strict-aliasing -Wno-error=type-limits -Wno-unused-parameter -Wno-error=unused-variable -Wno-error=undef -Wno-error=uninitialized -Wno-error=unused-result -Wno-error=maybe-uninitialized -Wno-error=clobbered -Wno-error=unused-but-set-variable -Wno-error=odr -Waggregate-return -Wnested-externs -Wold-style-definition -Wstrict-prototypes -march=native -maes     -rdynamic CMakeFiles/cmTC_959de.dir/CheckSymbolExists.c.o  -o cmTC_959de 
CMakeFiles/cmTC_959de.dir/CheckSymbolExists.c.o: In function `main':
CheckSymbolExists.c:(.text+0x1b): undefined reference to `pthread_create'
collect2: error: ld returned 1 exit status
CMakeFiles/cmTC_959de.dir/build.make:97: recipe for target 'cmTC_959de' failed
make[1]: *** [cmTC_959de] Error 1
make[1]: Leaving directory '/root/pillowcoin/CMakeFiles/CMakeTmp'
Makefile:126: recipe for target 'cmTC_959de/fast' failed
make: *** [cmTC_959de/fast] Error 2

File /root/pillowcoin/CMakeFiles/CMakeTmp/CheckSymbolExists.c:
/* */
#include <pthread.h>

int main(int argc, char** argv)
{
  (void)argv;
#ifndef pthread_create
  return ((int*)(&pthread_create))[argc];
#else
  (void)argc;
  return 0;
#endif
}

Determining if the function pthread_create exists in the pthreads failed with the following output:
Change Dir: /root/pillowcoin/CMakeFiles/CMakeTmp

Run Build Command:"/usr/bin/make" "cmTC_0fae0/fast"
/usr/bin/make -f CMakeFiles/cmTC_0fae0.dir/build.make CMakeFiles/cmTC_0fae0.dir/build
make[1]: Entering directory '/root/pillowcoin/CMakeFiles/CMakeTmp'
Building C object CMakeFiles/cmTC_0fae0.dir/CheckFunctionExists.c.o
/usr/bin/gcc-6   -std=c11  -Wall -Wextra -Wpointer-arith -Wundef -Wvla -Wwrite-strings  -Wno-error=extra -Wno-error=unused-function -Wno-error=deprecated-declarations -Wno-error=sign-compare -Wno-error=strict-aliasing -Wno-error=type-limits -Wno-unused-parameter -Wno-error=unused-variable -Wno-error=undef -Wno-error=uninitialized -Wno-error=unused-result -Wno-error=maybe-uninitialized -Wno-error=clobbered -Wno-error=unused-but-set-variable -Wno-error=odr -Waggregate-return -Wnested-externs -Wold-style-definition -Wstrict-prototypes -march=native -maes -DCHECK_FUNCTION_EXISTS=pthread_create   -o CMakeFiles/cmTC_0fae0.dir/CheckFunctionExists.c.o   -c /usr/share/cmake-3.9/Modules/CheckFunctionExists.c
Linking C executable cmTC_0fae0
/usr/bin/cmake -E cmake_link_script CMakeFiles/cmTC_0fae0.dir/link.txt --verbose=1
/usr/bin/gcc-6  -std=c11  -Wall -Wextra -Wpointer-arith -Wundef -Wvla -Wwrite-strings  -Wno-error=extra -Wno-error=unused-function -Wno-error=deprecated-declarations -Wno-error=sign-compare -Wno-error=strict-aliasing -Wno-error=type-limits -Wno-unused-parameter -Wno-error=unused-variable -Wno-error=undef -Wno-error=uninitialized -Wno-error=unused-result -Wno-error=maybe-uninitialized -Wno-error=clobbered -Wno-error=unused-but-set-variable -Wno-error=odr -Waggregate-return -Wnested-externs -Wold-style-definition -Wstrict-prototypes -march=native -maes -DCHECK_FUNCTION_EXISTS=pthread_create    -rdynamic CMakeFiles/cmTC_0fae0.dir/CheckFunctionExists.c.o  -o cmTC_0fae0 -lpthreads 
/usr/bin/ld: cannot find -lpthreads
collect2: error: ld returned 1 exit status
CMakeFiles/cmTC_0fae0.dir/build.make:97: recipe for target 'cmTC_0fae0' failed
make[1]: *** [cmTC_0fae0] Error 1
make[1]: Leaving directory '/root/pillowcoin/CMakeFiles/CMakeTmp'
Makefile:126: recipe for target 'cmTC_0fae0/fast' failed
make: *** [cmTC_0fae0/fast] Error 2


Determining if the pthread_create exist failed with the following output:
Change Dir: /root/pillowcoin/CMakeFiles/CMakeTmp

Run Build Command:"/usr/bin/make" "cmTC_06c6d/fast"
/usr/bin/make -f CMakeFiles/cmTC_06c6d.dir/build.make CMakeFiles/cmTC_06c6d.dir/build
make[1]: Entering directory '/root/pillowcoin/CMakeFiles/CMakeTmp'
Building C object CMakeFiles/cmTC_06c6d.dir/CheckSymbolExists.c.o
/usr/bin/cc   -std=c11  -Wall -Wextra -Wpointer-arith -Wundef -Wvla -Wwrite-strings  -Wno-error=extra -Wno-error=unused-function -Wno-error=deprecated-declarations -Wno-error=sign-compare -Wno-error=strict-aliasing -Wno-error=type-limits -Wno-unused-parameter -Wno-error=unused-variable -Wno-error=undef -Wno-error=uninitialized -Wno-error=unused-result -Wno-error=maybe-uninitialized -Wno-error=clobbered -Wno-error=unused-but-set-variable -Wno-error=odr -Waggregate-return -Wnested-externs -Wold-style-definition -Wstrict-prototypes -march=native -maes    -o CMakeFiles/cmTC_06c6d.dir/CheckSymbolExists.c.o   -c /root/pillowcoin/CMakeFiles/CMakeTmp/CheckSymbolExists.c
Linking C executable cmTC_06c6d
/usr/bin/cmake -E cmake_link_script CMakeFiles/cmTC_06c6d.dir/link.txt --verbose=1
/usr/bin/cc  -std=c11  -Wall -Wextra -Wpointer-arith -Wundef -Wvla -Wwrite-strings  -Wno-error=extra -Wno-error=unused-function -Wno-error=deprecated-declarations -Wno-error=sign-compare -Wno-error=strict-aliasing -Wno-error=type-limits -Wno-unused-parameter -Wno-error=unused-variable -Wno-error=undef -Wno-error=uninitialized -Wno-error=unused-result -Wno-error=maybe-uninitialized -Wno-error=clobbered -Wno-error=unused-but-set-variable -Wno-error=odr -Waggregate-return -Wnested-externs -Wold-style-definition -Wstrict-prototypes -march=native -maes     -rdynamic CMakeFiles/cmTC_06c6d.dir/CheckSymbolExists.c.o  -o cmTC_06c6d 
CMakeFiles/cmTC_06c6d.dir/CheckSymbolExists.c.o: In function `main':
CheckSymbolExists.c:(.text+0x1b): undefined reference to `pthread_create'
collect2: error: ld returned 1 exit status
CMakeFiles/cmTC_06c6d.dir/build.make:97: recipe for target 'cmTC_06c6d' failed
make[1]: *** [cmTC_06c6d] Error 1
make[1]: Leaving directory '/root/pillowcoin/CMakeFiles/CMakeTmp'
Makefile:126: recipe for target 'cmTC_06c6d/fast' failed
make: *** [cmTC_06c6d/fast] Error 2

File /root/pillowcoin/CMakeFiles/CMakeTmp/CheckSymbolExists.c:
/* */
#include <pthread.h>

int main(int argc, char** argv)
{
  (void)argv;
#ifndef pthread_create
  return ((int*)(&pthread_create))[argc];
#else
  (void)argc;
  return 0;
#endif
}

Determining if the function pthread_create exists in the pthreads failed with the following output:
Change Dir: /root/pillowcoin/CMakeFiles/CMakeTmp

Run Build Command:"/usr/bin/make" "cmTC_6c8b4/fast"
/usr/bin/make -f CMakeFiles/cmTC_6c8b4.dir/build.make CMakeFiles/cmTC_6c8b4.dir/build
make[1]: Entering directory '/root/pillowcoin/CMakeFiles/CMakeTmp'
Building C object CMakeFiles/cmTC_6c8b4.dir/CheckFunctionExists.c.o
/usr/bin/cc   -std=c11  -Wall -Wextra -Wpointer-arith -Wundef -Wvla -Wwrite-strings  -Wno-error=extra -Wno-error=unused-function -Wno-error=deprecated-declarations -Wno-error=sign-compare -Wno-error=strict-aliasing -Wno-error=type-limits -Wno-unused-parameter -Wno-error=unused-variable -Wno-error=undef -Wno-error=uninitialized -Wno-error=unused-result -Wno-error=maybe-uninitialized -Wno-error=clobbered -Wno-error=unused-but-set-variable -Wno-error=odr -Waggregate-return -Wnested-externs -Wold-style-definition -Wstrict-prototypes -march=native -maes -DCHECK_FUNCTION_EXISTS=pthread_create   -o CMakeFiles/cmTC_6c8b4.dir/CheckFunctionExists.c.o   -c /usr/share/cmake-3.9/Modules/CheckFunctionExists.c
Linking C executable cmTC_6c8b4
/usr/bin/cmake -E cmake_link_script CMakeFiles/cmTC_6c8b4.dir/link.txt --verbose=1
/usr/bin/cc  -std=c11  -Wall -Wextra -Wpointer-arith -Wundef -Wvla -Wwrite-strings  -Wno-error=extra -Wno-error=unused-function -Wno-error=deprecated-declarations -Wno-error=sign-compare -Wno-error=strict-aliasing -Wno-error=type-limits -Wno-unused-parameter -Wno-error=unused-variable -Wno-error=undef -Wno-error=uninitialized -Wno-error=unused-result -Wno-error=maybe-uninitialized -Wno-error=clobbered -Wno-error=unused-but-set-variable -Wno-error=odr -Waggregate-return -Wnested-externs -Wold-style-definition -Wstrict-prototypes -march=native -maes -DCHECK_FUNCTION_EXISTS=pthread_create    -rdynamic CMakeFiles/cmTC_6c8b4.dir/CheckFunctionExists.c.o  -o cmTC_6c8b4 -lpthreads 
/usr/bin/ld: cannot find -lpthreads
collect2: error: ld returned 1 exit status
CMakeFiles/cmTC_6c8b4.dir/build.make:97: recipe for target 'cmTC_6c8b4' failed
make[1]: *** [cmTC_6c8b4] Error 1
make[1]: Leaving directory '/root/pillowcoin/CMakeFiles/CMakeTmp'
Makefile:126: recipe for target 'cmTC_6c8b4/fast' failed
make: *** [cmTC_6c8b4/fast] Error 2


